
*** Running vivado
    with args -log log_quantize.vds -m64 -product Vivado -mode batch -messageDb vivado.pb -notrace -source log_quantize.tcl



****** Vivado v2024.1 (64-bit)
  **** SW Build 5076996 on Wed May 22 18:37:14 MDT 2024
  **** IP Build 5075265 on Wed May 22 21:45:21 MDT 2024
  **** SharedData Build 5076995 on Wed May 22 18:29:18 MDT 2024
  **** Start of session at: Fri Dec 20 16:35:15 2024
    ** Copyright 1986-2022 Xilinx, Inc. All Rights Reserved.
    ** Copyright 2022-2024 Advanced Micro Devices, Inc. All Rights Reserved.

source log_quantize.tcl -notrace
create_project: Time (s): cpu = 00:00:03 ; elapsed = 00:00:25 . Memory (MB): peak = 508.488 ; gain = 200.711
Command: synth_design -top log_quantize -part xc7z010clg400-1
Starting synth_design
Attempting to get a license for feature 'Synthesis' and/or device 'xc7z010'
INFO: [Common 17-349] Got license for feature 'Synthesis' and/or device 'xc7z010'
INFO: [Synth 8-7079] Multithreading enabled for synth_design using a maximum of 2 processes.
INFO: [Synth 8-7078] Launching helper process for spawning children vivado processes
INFO: [Synth 8-7075] Helper process launched with PID 416
---------------------------------------------------------------------------------
Starting Synthesize : Time (s): cpu = 00:00:00 ; elapsed = 00:00:14 . Memory (MB): peak = 965.812 ; gain = 453.320
---------------------------------------------------------------------------------
INFO: [Synth 8-638] synthesizing module 'log_quantize' [C:/Users/prabh/OneDrive/Desktop/taylor_approx/taylor_approx.srcs/sources_1/new/log_quantize.vhd:31]
INFO: [Synth 8-638] synthesizing module 'int_frac' [C:/Users/prabh/OneDrive/Desktop/taylor_approx/taylor_approx.srcs/sources_1/new/int_frac.vhd:31]
ERROR: [Synth 8-27] non-constant real-valued expression not supported [C:/Users/prabh/OneDrive/Desktop/taylor_approx/taylor_approx.srcs/sources_1/new/int_frac.vhd:37]
ERROR: [Synth 8-285] failed synthesizing module 'int_frac' [C:/Users/prabh/OneDrive/Desktop/taylor_approx/taylor_approx.srcs/sources_1/new/int_frac.vhd:31]
ERROR: [Synth 8-285] failed synthesizing module 'log_quantize' [C:/Users/prabh/OneDrive/Desktop/taylor_approx/taylor_approx.srcs/sources_1/new/log_quantize.vhd:31]
---------------------------------------------------------------------------------
Finished Synthesize : Time (s): cpu = 00:00:00 ; elapsed = 00:00:18 . Memory (MB): peak = 1075.344 ; gain = 562.852
---------------------------------------------------------------------------------
synthesize failed
INFO: [Common 17-83] Releasing license: Synthesis
7 Infos, 0 Warnings, 0 Critical Warnings and 4 Errors encountered.
synth_design failed
ERROR: [Common 17-69] Command failed: Vivado Synthesis failed
INFO: [Common 17-206] Exiting Vivado at Fri Dec 20 16:36:14 2024...
